<?xml version="1.0" encoding="UTF-8"?>
<testsuite name="learning.test.MotivationTest" tests="4" skipped="0" failures="0" errors="0" timestamp="2019-06-06T22:49:10" hostname="MacBook-Air-de-Roger.local" time="0.029">
  <properties/>
  <testcase name="splitInTwoStreams" classname="learning.test.MotivationTest" time="0.02"/>
  <testcase name="onErrorThrowException" classname="learning.test.MotivationTest" time="0.003"/>
  <testcase name="onErrorSkipError" classname="learning.test.MotivationTest" time="0.002"/>
  <testcase name="couldNotThrowException" classname="learning.test.MotivationTest" time="0.002"/>
  <system-out><![CDATA[]]></system-out>
  <system-err><![CDATA[]]></system-err>
</testsuite>
